{"/Users/zulifqarahmad/Desktop/zee-work/beachbody/src/orm/data.ts": {"path":"/Users/zulifqarahmad/Desktop/zee-work/beachbody/src/orm/data.ts","statementMap":{"0":{"start":{"line":2,"column":0},"end":{"line":2,"column":36}},"1":{"start":{"line":6,"column":31},"end":{"line":24,"column":1}},"2":{"start":{"line":7,"column":32},"end":{"line":7,"column":34}},"3":{"start":{"line":8,"column":2},"end":{"line":22,"column":5}},"4":{"start":{"line":9,"column":34},"end":{"line":20,"column":6}},"5":{"start":{"line":21,"column":4},"end":{"line":21,"column":44}},"6":{"start":{"line":23,"column":2},"end":{"line":23,"column":26}},"7":{"start":{"line":6,"column":13},"end":{"line":6,"column":31}},"8":{"start":{"line":26,"column":26},"end":{"line":39,"column":1}},"9":{"start":{"line":27,"column":39},"end":{"line":27,"column":41}},"10":{"start":{"line":28,"column":2},"end":{"line":37,"column":5}},"11":{"start":{"line":29,"column":32},"end":{"line":35,"column":6}},"12":{"start":{"line":36,"column":4},"end":{"line":36,"column":29}},"13":{"start":{"line":38,"column":2},"end":{"line":38,"column":23}},"14":{"start":{"line":41,"column":26},"end":{"line":54,"column":1}},"15":{"start":{"line":42,"column":27},"end":{"line":42,"column":29}},"16":{"start":{"line":43,"column":2},"end":{"line":52,"column":5}},"17":{"start":{"line":44,"column":19},"end":{"line":50,"column":6}},"18":{"start":{"line":51,"column":4},"end":{"line":51,"column":19}},"19":{"start":{"line":53,"column":2},"end":{"line":53,"column":16}},"20":{"start":{"line":56,"column":16},"end":{"line":62,"column":2}},"21":{"start":{"line":64,"column":17},"end":{"line":92,"column":2}}},"fnMap":{"0":{"name":"(anonymous_0)","decl":{"start":{"line":6,"column":31},"end":{"line":6,"column":36}},"loc":{"start":{"line":6,"column":58},"end":{"line":24,"column":1}}},"1":{"name":"(anonymous_1)","decl":{"start":{"line":8,"column":19},"end":{"line":8,"column":20}},"loc":{"start":{"line":8,"column":32},"end":{"line":22,"column":3}}},"2":{"name":"(anonymous_2)","decl":{"start":{"line":26,"column":26},"end":{"line":26,"column":27}},"loc":{"start":{"line":26,"column":69},"end":{"line":39,"column":1}}},"3":{"name":"(anonymous_3)","decl":{"start":{"line":28,"column":18},"end":{"line":28,"column":19}},"loc":{"start":{"line":28,"column":24},"end":{"line":37,"column":3}}},"4":{"name":"(anonymous_4)","decl":{"start":{"line":41,"column":26},"end":{"line":41,"column":27}},"loc":{"start":{"line":41,"column":74},"end":{"line":54,"column":1}}},"5":{"name":"(anonymous_5)","decl":{"start":{"line":43,"column":16},"end":{"line":43,"column":17}},"loc":{"start":{"line":43,"column":25},"end":{"line":52,"column":3}}}},"branchMap":{},"s":{"0":1,"1":1,"2":0,"3":0,"4":0,"5":0,"6":0,"7":1,"8":1,"9":0,"10":0,"11":0,"12":0,"13":0,"14":1,"15":0,"16":0,"17":0,"18":0,"19":0,"20":1,"21":1},"f":{"0":0,"1":0,"2":0,"3":0,"4":0,"5":0},"b":{}}
,"/Users/zulifqarahmad/Desktop/zee-work/beachbody/src/services/suggestions.service.ts": {"path":"/Users/zulifqarahmad/Desktop/zee-work/beachbody/src/services/suggestions.service.ts","statementMap":{"0":{"start":{"line":3,"column":0},"end":{"line":3,"column":46}},"1":{"start":{"line":4,"column":0},"end":{"line":4,"column":52}},"2":{"start":{"line":8,"column":4},"end":{"line":8,"column":44}},"3":{"start":{"line":9,"column":4},"end":{"line":26,"column":null}},"4":{"start":{"line":10,"column":31},"end":{"line":10,"column":54}},"5":{"start":{"line":11,"column":37},"end":{"line":11,"column":39}},"6":{"start":{"line":12,"column":6},"end":{"line":20,"column":9}},"7":{"start":{"line":13,"column":8},"end":{"line":16,"column":10}},"8":{"start":{"line":17,"column":8},"end":{"line":19,"column":null}},"9":{"start":{"line":18,"column":10},"end":{"line":18,"column":36}},"10":{"start":{"line":22,"column":6},"end":{"line":22,"column":61}},"11":{"start":{"line":24,"column":6},"end":{"line":24,"column":59}},"12":{"start":{"line":25,"column":6},"end":{"line":25,"column":51}},"13":{"start":{"line":6,"column":0},"end":{"line":6,"column":13}}},"fnMap":{"0":{"name":"(anonymous_0)","decl":{"start":{"line":7,"column":2},"end":{"line":7,"column":7}},"loc":{"start":{"line":7,"column":42},"end":{"line":27,"column":3}}},"1":{"name":"(anonymous_1)","decl":{"start":{"line":12,"column":31},"end":{"line":12,"column":32}},"loc":{"start":{"line":12,"column":44},"end":{"line":20,"column":7}}}},"branchMap":{"0":{"loc":{"start":{"line":17,"column":8},"end":{"line":19,"column":null}},"type":"if","locations":[{"start":{"line":17,"column":8},"end":{"line":19,"column":null}},{"start":{"line":17,"column":8},"end":{"line":19,"column":null}}]}},"s":{"0":1,"1":1,"2":0,"3":0,"4":0,"5":0,"6":0,"7":0,"8":0,"9":0,"10":0,"11":0,"12":0,"13":1},"f":{"0":0,"1":0},"b":{"0":[0,0]}}
,"/Users/zulifqarahmad/Desktop/zee-work/beachbody/src/utils/common.utils.ts": {"path":"/Users/zulifqarahmad/Desktop/zee-work/beachbody/src/utils/common.utils.ts","statementMap":{"0":{"start":{"line":8,"column":31},"end":{"line":8,"column":77}},"1":{"start":{"line":9,"column":27},"end":{"line":9,"column":64}},"2":{"start":{"line":10,"column":4},"end":{"line":23,"column":7}},"3":{"start":{"line":11,"column":6},"end":{"line":22,"column":null}},"4":{"start":{"line":12,"column":8},"end":{"line":20,"column":10}},"5":{"start":{"line":14,"column":12},"end":{"line":18,"column":14}},"6":{"start":{"line":21,"column":8},"end":{"line":21,"column":29}},"7":{"start":{"line":28,"column":4},"end":{"line":28,"column":60}},"8":{"start":{"line":32,"column":4},"end":{"line":36,"column":7}},"9":{"start":{"line":33,"column":6},"end":{"line":33,"column":39}},"10":{"start":{"line":33,"column":29},"end":{"line":33,"column":39}},"11":{"start":{"line":34,"column":6},"end":{"line":34,"column":38}},"12":{"start":{"line":34,"column":29},"end":{"line":34,"column":38}},"13":{"start":{"line":35,"column":6},"end":{"line":35,"column":15}},"14":{"start":{"line":40,"column":17},"end":{"line":40,"column":36}},"15":{"start":{"line":41,"column":14},"end":{"line":41,"column":29}},"16":{"start":{"line":42,"column":14},"end":{"line":42,"column":31}},"17":{"start":{"line":43,"column":18},"end":{"line":43,"column":73}},"18":{"start":{"line":44,"column":4},"end":{"line":44,"column":22}},"19":{"start":{"line":67,"column":23},"end":{"line":67,"column":34}},"20":{"start":{"line":68,"column":4},"end":{"line":68,"column":30}},"21":{"start":{"line":69,"column":4},"end":{"line":69,"column":45}},"22":{"start":{"line":70,"column":4},"end":{"line":70,"column":16}},"23":{"start":{"line":74,"column":21},"end":{"line":74,"column":32}},"24":{"start":{"line":75,"column":4},"end":{"line":75,"column":54}},"25":{"start":{"line":76,"column":4},"end":{"line":76,"column":28}},"26":{"start":{"line":77,"column":4},"end":{"line":77,"column":14}},"27":{"start":{"line":89,"column":6},"end":{"line":89,"column":62}},"28":{"start":{"line":90,"column":7},"end":{"line":90,"column":53}},"29":{"start":{"line":91,"column":21},"end":{"line":91,"column":67}},"30":{"start":{"line":92,"column":25},"end":{"line":92,"column":75}},"31":{"start":{"line":93,"column":4},"end":{"line":93,"column":50}},"32":{"start":{"line":3,"column":0},"end":{"line":3,"column":13}}},"fnMap":{"0":{"name":"(anonymous_0)","decl":{"start":{"line":4,"column":2},"end":{"line":4,"column":8}},"loc":{"start":{"line":6,"column":21},"end":{"line":24,"column":3}}},"1":{"name":"(anonymous_1)","decl":{"start":{"line":10,"column":31},"end":{"line":10,"column":32}},"loc":{"start":{"line":10,"column":64},"end":{"line":23,"column":5}}},"2":{"name":"(anonymous_2)","decl":{"start":{"line":13,"column":10},"end":{"line":13,"column":11}},"loc":{"start":{"line":13,"column":29},"end":{"line":19,"column":11}}},"3":{"name":"(anonymous_3)","decl":{"start":{"line":26,"column":2},"end":{"line":26,"column":8}},"loc":{"start":{"line":26,"column":66},"end":{"line":29,"column":3}}},"4":{"name":"(anonymous_4)","decl":{"start":{"line":31,"column":2},"end":{"line":31,"column":8}},"loc":{"start":{"line":31,"column":46},"end":{"line":37,"column":3}}},"5":{"name":"(anonymous_5)","decl":{"start":{"line":32,"column":28},"end":{"line":32,"column":29}},"loc":{"start":{"line":32,"column":37},"end":{"line":36,"column":5}}},"6":{"name":"(anonymous_6)","decl":{"start":{"line":39,"column":2},"end":{"line":39,"column":8}},"loc":{"start":{"line":39,"column":41},"end":{"line":45,"column":3}}},"7":{"name":"(anonymous_7)","decl":{"start":{"line":66,"column":2},"end":{"line":66,"column":8}},"loc":{"start":{"line":66,"column":37},"end":{"line":71,"column":3}}},"8":{"name":"(anonymous_8)","decl":{"start":{"line":73,"column":2},"end":{"line":73,"column":8}},"loc":{"start":{"line":73,"column":34},"end":{"line":78,"column":3}}},"9":{"name":"(anonymous_9)","decl":{"start":{"line":84,"column":2},"end":{"line":84,"column":8}},"loc":{"start":{"line":87,"column":30},"end":{"line":94,"column":3}}}},"branchMap":{"0":{"loc":{"start":{"line":11,"column":6},"end":{"line":22,"column":null}},"type":"if","locations":[{"start":{"line":11,"column":6},"end":{"line":22,"column":null}},{"start":{"line":11,"column":6},"end":{"line":22,"column":null}}]},"1":{"loc":{"start":{"line":33,"column":6},"end":{"line":33,"column":39}},"type":"if","locations":[{"start":{"line":33,"column":6},"end":{"line":33,"column":39}},{"start":{"line":33,"column":6},"end":{"line":33,"column":39}}]},"2":{"loc":{"start":{"line":34,"column":6},"end":{"line":34,"column":38}},"type":"if","locations":[{"start":{"line":34,"column":6},"end":{"line":34,"column":38}},{"start":{"line":34,"column":6},"end":{"line":34,"column":38}}]},"3":{"loc":{"start":{"line":43,"column":27},"end":{"line":43,"column":51}},"type":"cond-expr","locations":[{"start":{"line":43,"column":27},"end":{"line":43,"column":51}},{"start":{"line":43,"column":54},"end":{"line":43,"column":73}}]},"4":{"loc":{"start":{"line":93,"column":37},"end":{"line":93,"column":41}},"type":"cond-expr","locations":[{"start":{"line":93,"column":37},"end":{"line":93,"column":41}},{"start":{"line":93,"column":44},"end":{"line":93,"column":49}}]}},"s":{"0":0,"1":0,"2":0,"3":0,"4":0,"5":0,"6":0,"7":0,"8":0,"9":0,"10":0,"11":0,"12":0,"13":0,"14":0,"15":0,"16":0,"17":0,"18":0,"19":0,"20":0,"21":0,"22":0,"23":0,"24":0,"25":0,"26":0,"27":2,"28":2,"29":2,"30":2,"31":2,"32":2},"f":{"0":0,"1":0,"2":0,"3":0,"4":0,"5":0,"6":0,"7":0,"8":0,"9":2},"b":{"0":[0,0],"1":[0,0],"2":[0,0],"3":[0,0],"4":[1,1]}}
}
